<?xml version="1.0" encoding="UTF-8"?>
<!-- Generated by org.testng.reporters.JUnitReportReporter -->
<testsuite hostname="GnanaMuthus-Air" failures="0" tests="1" name="com.test.runner.Runner" time="113.079" errors="0" timestamp="2025-06-11T07:05:57 IST" skipped="0">
  <testcase classname="com.test.runner.Runner" name="runScenario" time="113.079"/>
</testsuite> <!-- com.test.runner.Runner -->
