<?xml version="1.0" encoding="UTF-8"?>
<!-- Generated by org.testng.reporters.JUnitReportReporter -->
<testsuite hostname="GnanaMuthus-Air" failures="0" tests="1" name="com.test.runner.Runner" time="144.145" errors="0" timestamp="2025-06-01T19:54:35 IST" skipped="0">
  <testcase classname="com.test.runner.Runner" name="runScenario" time="144.145"/>
</testsuite> <!-- com.test.runner.Runner -->
